{"/Users/saivenkatesh/Desktop/personal/edu/Fall23/520/Project/Patient-Tracker/back-end/src/index.ts": {"path":"/Users/saivenkatesh/Desktop/personal/edu/Fall23/520/Project/Patient-Tracker/back-end/src/index.ts","statementMap":{"0":{"start":{"line":1,"column":0},"end":{"line":1,"column":30}},"1":{"start":{"line":2,"column":0},"end":{"line":2,"column":55}},"2":{"start":{"line":3,"column":0},"end":{"line":3,"column":51}},"3":{"start":{"line":5,"column":12},"end":{"line":5,"column":21}},"4":{"start":{"line":26,"column":9},"end":{"line":26,"column":12}},"5":{"start":{"line":6,"column":13},"end":{"line":6,"column":17}},"6":{"start":{"line":8,"column":0},"end":{"line":8,"column":24}},"7":{"start":{"line":11,"column":0},"end":{"line":24,"column":3}},"8":{"start":{"line":12,"column":2},"end":{"line":12,"column":44}},"9":{"start":{"line":15,"column":2},"end":{"line":15,"column":33}},"10":{"start":{"line":18,"column":2},"end":{"line":20,"column":5}},"11":{"start":{"line":19,"column":4},"end":{"line":19,"column":65}},"12":{"start":{"line":22,"column":2},"end":{"line":22,"column":53}},"13":{"start":{"line":23,"column":2},"end":{"line":23,"column":17}}},"fnMap":{"0":{"name":"(anonymous_1)","decl":{"start":{"line":11,"column":30},"end":{"line":11,"column":33}},"loc":{"start":{"line":11,"column":35},"end":{"line":21,"column":1}}},"1":{"name":"(anonymous_2)","decl":{"start":{"line":18,"column":19},"end":{"line":18,"column":22}},"loc":{"start":{"line":18,"column":24},"end":{"line":20,"column":3}}},"2":{"name":"(anonymous_3)","decl":{"start":{"line":21,"column":9},"end":{"line":21,"column":14}},"loc":{"start":{"line":21,"column":17},"end":{"line":24,"column":1}}}},"branchMap":{},"s":{"0":1,"1":1,"2":1,"3":1,"4":1,"5":1,"6":1,"7":1,"8":1,"9":1,"10":1,"11":1,"12":0,"13":0},"f":{"0":1,"1":1,"2":0},"b":{}}
,"/Users/saivenkatesh/Desktop/personal/edu/Fall23/520/Project/Patient-Tracker/back-end/src/controllers/patientController.ts": {"path":"/Users/saivenkatesh/Desktop/personal/edu/Fall23/520/Project/Patient-Tracker/back-end/src/controllers/patientController.ts","statementMap":{"0":{"start":{"line":2,"column":0},"end":{"line":2,"column":54}},"1":{"start":{"line":17,"column":4},"end":{"line":22,"column":null}},"2":{"start":{"line":18,"column":25},"end":{"line":18,"column":60}},"3":{"start":{"line":19,"column":6},"end":{"line":19,"column":46}},"4":{"start":{"line":21,"column":6},"end":{"line":21,"column":54}},"5":{"start":{"line":33,"column":4},"end":{"line":38,"column":null}},"6":{"start":{"line":34,"column":23},"end":{"line":34,"column":51}},"7":{"start":{"line":35,"column":6},"end":{"line":35,"column":44}},"8":{"start":{"line":37,"column":6},"end":{"line":37,"column":54}},"9":{"start":{"line":49,"column":22},"end":{"line":49,"column":35}},"10":{"start":{"line":50,"column":4},"end":{"line":55,"column":null}},"11":{"start":{"line":51,"column":29},"end":{"line":51,"column":75}},"12":{"start":{"line":52,"column":6},"end":{"line":52,"column":50}},"13":{"start":{"line":54,"column":6},"end":{"line":54,"column":54}},"14":{"start":{"line":66,"column":22},"end":{"line":66,"column":35}},"15":{"start":{"line":67,"column":4},"end":{"line":75,"column":null}},"16":{"start":{"line":68,"column":22},"end":{"line":68,"column":60}},"17":{"start":{"line":69,"column":6},"end":{"line":71,"column":null}},"18":{"start":{"line":70,"column":8},"end":{"line":70,"column":70}},"19":{"start":{"line":72,"column":6},"end":{"line":72,"column":43}},"20":{"start":{"line":74,"column":6},"end":{"line":74,"column":54}},"21":{"start":{"line":7,"column":0},"end":{"line":7,"column":13}}},"fnMap":{"0":{"name":"(anonymous_7)","decl":{"start":{"line":16,"column":2},"end":{"line":16,"column":8}},"loc":{"start":{"line":16,"column":56},"end":{"line":23,"column":null}}},"1":{"name":"(anonymous_9)","decl":{"start":{"line":32,"column":2},"end":{"line":32,"column":8}},"loc":{"start":{"line":32,"column":57},"end":{"line":39,"column":null}}},"2":{"name":"(anonymous_11)","decl":{"start":{"line":48,"column":2},"end":{"line":48,"column":8}},"loc":{"start":{"line":48,"column":56},"end":{"line":56,"column":null}}},"3":{"name":"(anonymous_13)","decl":{"start":{"line":65,"column":2},"end":{"line":65,"column":8}},"loc":{"start":{"line":65,"column":53},"end":{"line":76,"column":null}}}},"branchMap":{"0":{"loc":{"start":{"line":69,"column":6},"end":{"line":71,"column":null}},"type":"if","locations":[{"start":{"line":69,"column":6},"end":{"line":71,"column":null}}]}},"s":{"0":1,"1":1,"2":1,"3":1,"4":0,"5":1,"6":1,"7":1,"8":0,"9":1,"10":1,"11":1,"12":1,"13":0,"14":1,"15":1,"16":1,"17":1,"18":0,"19":1,"20":0,"21":1},"f":{"0":1,"1":1,"2":1,"3":1},"b":{"0":[0]}}
,"/Users/saivenkatesh/Desktop/personal/edu/Fall23/520/Project/Patient-Tracker/back-end/src/db/database.ts": {"path":"/Users/saivenkatesh/Desktop/personal/edu/Fall23/520/Project/Patient-Tracker/back-end/src/db/database.ts","statementMap":{"0":{"start":{"line":1,"column":0},"end":{"line":1,"column":43}},"1":{"start":{"line":2,"column":0},"end":{"line":2,"column":53}},"2":{"start":{"line":3,"column":0},"end":{"line":3,"column":59}},"3":{"start":{"line":4,"column":0},"end":{"line":4,"column":67}},"4":{"start":{"line":5,"column":0},"end":{"line":5,"column":57}},"5":{"start":{"line":11,"column":38},"end":{"line":23,"column":2}},"6":{"start":{"line":11,"column":49},"end":{"line":23,"column":2}},"7":{"start":{"line":12,"column":2},"end":{"line":22,"column":5}},"8":{"start":{"line":11,"column":13},"end":{"line":11,"column":38}}},"fnMap":{"0":{"name":"(anonymous_7)","decl":{"start":{"line":11,"column":38},"end":{"line":11,"column":47}},"loc":{"start":{"line":11,"column":49},"end":{"line":23,"column":2}}},"1":{"name":"(anonymous_8)","decl":{"start":{"line":11,"column":49},"end":{"line":11,"column":null}},"loc":{"start":{"line":11,"column":49},"end":{"line":23,"column":1}}}},"branchMap":{},"s":{"0":1,"1":1,"2":1,"3":1,"4":1,"5":1,"6":1,"7":1,"8":1},"f":{"0":1,"1":1},"b":{}}
,"/Users/saivenkatesh/Desktop/personal/edu/Fall23/520/Project/Patient-Tracker/back-end/src/entities/diagnosis_entity.ts": {"path":"/Users/saivenkatesh/Desktop/personal/edu/Fall23/520/Project/Patient-Tracker/back-end/src/entities/diagnosis_entity.ts","statementMap":{"0":{"start":{"line":1,"column":0},"end":{"line":1,"column":null}},"1":{"start":{"line":10,"column":2},"end":{"line":10,"column":45}},"2":{"start":{"line":16,"column":7},"end":{"line":41,"column":null}},"3":{"start":{"line":16,"column":13},"end":{"line":16,"column":22}},"4":{"start":{"line":18,"column":2},"end":{"line":18,"column":null}},"5":{"start":{"line":21,"column":2},"end":{"line":21,"column":null}},"6":{"start":{"line":25,"column":2},"end":{"line":25,"column":null}},"7":{"start":{"line":23,"column":19},"end":{"line":23,"column":26}},"8":{"start":{"line":23,"column":41},"end":{"line":23,"column":58}},"9":{"start":{"line":28,"column":2},"end":{"line":28,"column":null}},"10":{"start":{"line":31,"column":2},"end":{"line":31,"column":null}},"11":{"start":{"line":34,"column":2},"end":{"line":34,"column":null}},"12":{"start":{"line":37,"column":2},"end":{"line":37,"column":null}},"13":{"start":{"line":40,"column":2},"end":{"line":40,"column":null}},"14":{"start":{"line":16,"column":13},"end":{"line":41,"column":null}}},"fnMap":{"0":{"name":"(anonymous_2)","decl":{"start":{"line":23,"column":13},"end":{"line":23,"column":16}},"loc":{"start":{"line":23,"column":19},"end":{"line":23,"column":26}}},"1":{"name":"(anonymous_3)","decl":{"start":{"line":23,"column":28},"end":{"line":23,"column":29}},"loc":{"start":{"line":23,"column":41},"end":{"line":23,"column":58}}}},"branchMap":{},"s":{"0":1,"1":1,"2":1,"3":1,"4":1,"5":1,"6":1,"7":2,"8":2,"9":1,"10":1,"11":1,"12":1,"13":1,"14":1},"f":{"0":2,"1":2},"b":{}}
,"/Users/saivenkatesh/Desktop/personal/edu/Fall23/520/Project/Patient-Tracker/back-end/src/entities/medicalhistory_entity.ts": {"path":"/Users/saivenkatesh/Desktop/personal/edu/Fall23/520/Project/Patient-Tracker/back-end/src/entities/medicalhistory_entity.ts","statementMap":{"0":{"start":{"line":1,"column":0},"end":{"line":1,"column":null}},"1":{"start":{"line":10,"column":0},"end":{"line":10,"column":43}},"2":{"start":{"line":16,"column":7},"end":{"line":41,"column":null}},"3":{"start":{"line":16,"column":13},"end":{"line":16,"column":27}},"4":{"start":{"line":18,"column":2},"end":{"line":18,"column":null}},"5":{"start":{"line":21,"column":2},"end":{"line":21,"column":null}},"6":{"start":{"line":25,"column":2},"end":{"line":25,"column":null}},"7":{"start":{"line":23,"column":19},"end":{"line":23,"column":26}},"8":{"start":{"line":23,"column":41},"end":{"line":23,"column":63}},"9":{"start":{"line":28,"column":2},"end":{"line":28,"column":null}},"10":{"start":{"line":31,"column":2},"end":{"line":31,"column":null}},"11":{"start":{"line":34,"column":2},"end":{"line":34,"column":null}},"12":{"start":{"line":37,"column":2},"end":{"line":37,"column":null}},"13":{"start":{"line":40,"column":2},"end":{"line":40,"column":null}},"14":{"start":{"line":16,"column":13},"end":{"line":41,"column":null}}},"fnMap":{"0":{"name":"(anonymous_2)","decl":{"start":{"line":23,"column":13},"end":{"line":23,"column":16}},"loc":{"start":{"line":23,"column":19},"end":{"line":23,"column":26}}},"1":{"name":"(anonymous_3)","decl":{"start":{"line":23,"column":28},"end":{"line":23,"column":29}},"loc":{"start":{"line":23,"column":41},"end":{"line":23,"column":63}}}},"branchMap":{},"s":{"0":1,"1":1,"2":1,"3":1,"4":1,"5":1,"6":1,"7":2,"8":2,"9":1,"10":1,"11":1,"12":1,"13":1,"14":1},"f":{"0":2,"1":2},"b":{}}
,"/Users/saivenkatesh/Desktop/personal/edu/Fall23/520/Project/Patient-Tracker/back-end/src/entities/medication_entity.ts": {"path":"/Users/saivenkatesh/Desktop/personal/edu/Fall23/520/Project/Patient-Tracker/back-end/src/entities/medication_entity.ts","statementMap":{"0":{"start":{"line":1,"column":0},"end":{"line":1,"column":null}},"1":{"start":{"line":10,"column":0},"end":{"line":10,"column":43}},"2":{"start":{"line":16,"column":7},"end":{"line":41,"column":null}},"3":{"start":{"line":16,"column":13},"end":{"line":16,"column":23}},"4":{"start":{"line":18,"column":2},"end":{"line":18,"column":null}},"5":{"start":{"line":21,"column":2},"end":{"line":21,"column":null}},"6":{"start":{"line":25,"column":2},"end":{"line":25,"column":null}},"7":{"start":{"line":23,"column":19},"end":{"line":23,"column":26}},"8":{"start":{"line":23,"column":41},"end":{"line":23,"column":60}},"9":{"start":{"line":28,"column":2},"end":{"line":28,"column":null}},"10":{"start":{"line":31,"column":2},"end":{"line":31,"column":null}},"11":{"start":{"line":34,"column":2},"end":{"line":34,"column":null}},"12":{"start":{"line":37,"column":2},"end":{"line":37,"column":null}},"13":{"start":{"line":40,"column":2},"end":{"line":40,"column":null}},"14":{"start":{"line":16,"column":13},"end":{"line":41,"column":null}}},"fnMap":{"0":{"name":"(anonymous_2)","decl":{"start":{"line":23,"column":13},"end":{"line":23,"column":16}},"loc":{"start":{"line":23,"column":19},"end":{"line":23,"column":26}}},"1":{"name":"(anonymous_3)","decl":{"start":{"line":23,"column":28},"end":{"line":23,"column":29}},"loc":{"start":{"line":23,"column":41},"end":{"line":23,"column":60}}}},"branchMap":{},"s":{"0":1,"1":1,"2":1,"3":1,"4":1,"5":1,"6":1,"7":2,"8":2,"9":1,"10":1,"11":1,"12":1,"13":1,"14":1},"f":{"0":2,"1":2},"b":{}}
,"/Users/saivenkatesh/Desktop/personal/edu/Fall23/520/Project/Patient-Tracker/back-end/src/entities/patient_entity.ts": {"path":"/Users/saivenkatesh/Desktop/personal/edu/Fall23/520/Project/Patient-Tracker/back-end/src/entities/patient_entity.ts","statementMap":{"0":{"start":{"line":1,"column":0},"end":{"line":1,"column":null}},"1":{"start":{"line":9,"column":2},"end":{"line":9,"column":51}},"2":{"start":{"line":10,"column":2},"end":{"line":10,"column":59}},"3":{"start":{"line":11,"column":2},"end":{"line":11,"column":49}},"4":{"start":{"line":17,"column":7},"end":{"line":53,"column":null}},"5":{"start":{"line":17,"column":13},"end":{"line":17,"column":20}},"6":{"start":{"line":19,"column":2},"end":{"line":19,"column":null}},"7":{"start":{"line":22,"column":2},"end":{"line":22,"column":null}},"8":{"start":{"line":25,"column":2},"end":{"line":25,"column":null}},"9":{"start":{"line":28,"column":2},"end":{"line":28,"column":null}},"10":{"start":{"line":31,"column":2},"end":{"line":31,"column":null}},"11":{"start":{"line":34,"column":2},"end":{"line":34,"column":null}},"12":{"start":{"line":37,"column":2},"end":{"line":37,"column":null}},"13":{"start":{"line":40,"column":2},"end":{"line":40,"column":null}},"14":{"start":{"line":43,"column":2},"end":{"line":43,"column":null}},"15":{"start":{"line":46,"column":2},"end":{"line":46,"column":null}},"16":{"start":{"line":45,"column":19},"end":{"line":45,"column":29}},"17":{"start":{"line":45,"column":47},"end":{"line":45,"column":65}},"18":{"start":{"line":49,"column":2},"end":{"line":49,"column":null}},"19":{"start":{"line":48,"column":19},"end":{"line":48,"column":33}},"20":{"start":{"line":48,"column":55},"end":{"line":48,"column":77}},"21":{"start":{"line":52,"column":2},"end":{"line":52,"column":null}},"22":{"start":{"line":51,"column":19},"end":{"line":51,"column":28}},"23":{"start":{"line":51,"column":45},"end":{"line":51,"column":62}},"24":{"start":{"line":17,"column":13},"end":{"line":53,"column":null}}},"fnMap":{"0":{"name":"(anonymous_2)","decl":{"start":{"line":45,"column":13},"end":{"line":45,"column":16}},"loc":{"start":{"line":45,"column":19},"end":{"line":45,"column":29}}},"1":{"name":"(anonymous_3)","decl":{"start":{"line":45,"column":31},"end":{"line":45,"column":32}},"loc":{"start":{"line":45,"column":47},"end":{"line":45,"column":65}}},"2":{"name":"(anonymous_4)","decl":{"start":{"line":48,"column":13},"end":{"line":48,"column":16}},"loc":{"start":{"line":48,"column":19},"end":{"line":48,"column":33}}},"3":{"name":"(anonymous_5)","decl":{"start":{"line":48,"column":35},"end":{"line":48,"column":36}},"loc":{"start":{"line":48,"column":55},"end":{"line":48,"column":77}}},"4":{"name":"(anonymous_6)","decl":{"start":{"line":51,"column":13},"end":{"line":51,"column":16}},"loc":{"start":{"line":51,"column":19},"end":{"line":51,"column":28}}},"5":{"name":"(anonymous_7)","decl":{"start":{"line":51,"column":30},"end":{"line":51,"column":31}},"loc":{"start":{"line":51,"column":45},"end":{"line":51,"column":62}}}},"branchMap":{},"s":{"0":1,"1":1,"2":1,"3":1,"4":1,"5":1,"6":1,"7":1,"8":1,"9":1,"10":1,"11":1,"12":1,"13":1,"14":1,"15":1,"16":2,"17":2,"18":1,"19":2,"20":2,"21":1,"22":2,"23":2,"24":1},"f":{"0":2,"1":2,"2":2,"3":2,"4":2,"5":2},"b":{}}
,"/Users/saivenkatesh/Desktop/personal/edu/Fall23/520/Project/Patient-Tracker/back-end/src/models/patientModel.ts": {"path":"/Users/saivenkatesh/Desktop/personal/edu/Fall23/520/Project/Patient-Tracker/back-end/src/models/patientModel.ts","statementMap":{"0":{"start":{"line":1,"column":0},"end":{"line":1,"column":40}},"1":{"start":{"line":2,"column":0},"end":{"line":2,"column":53}},"2":{"start":{"line":3,"column":0},"end":{"line":3,"column":59}},"3":{"start":{"line":4,"column":0},"end":{"line":4,"column":57}},"4":{"start":{"line":5,"column":0},"end":{"line":5,"column":67}},"5":{"start":{"line":19,"column":30},"end":{"line":19,"column":52}},"6":{"start":{"line":20,"column":25},"end":{"line":20,"column":92}},"7":{"start":{"line":23,"column":4},"end":{"line":28,"column":null}},"8":{"start":{"line":24,"column":35},"end":{"line":24,"column":60}},"9":{"start":{"line":25,"column":6},"end":{"line":27,"column":null}},"10":{"start":{"line":26,"column":8},"end":{"line":26,"column":104}},"11":{"start":{"line":31,"column":4},"end":{"line":36,"column":null}},"12":{"start":{"line":32,"column":34},"end":{"line":32,"column":58}},"13":{"start":{"line":33,"column":6},"end":{"line":35,"column":null}},"14":{"start":{"line":34,"column":8},"end":{"line":34,"column":103}},"15":{"start":{"line":39,"column":4},"end":{"line":44,"column":null}},"16":{"start":{"line":40,"column":39},"end":{"line":40,"column":68}},"17":{"start":{"line":41,"column":6},"end":{"line":43,"column":null}},"18":{"start":{"line":42,"column":8},"end":{"line":42,"column":116}},"19":{"start":{"line":46,"column":4},"end":{"line":46,"column":24}},"20":{"start":{"line":57,"column":30},"end":{"line":57,"column":52}},"21":{"start":{"line":58,"column":33},"end":{"line":58,"column":58}},"22":{"start":{"line":59,"column":32},"end":{"line":59,"column":56}},"23":{"start":{"line":60,"column":37},"end":{"line":60,"column":66}},"24":{"start":{"line":63,"column":20},"end":{"line":63,"column":89}},"25":{"start":{"line":64,"column":4},"end":{"line":64,"column":55}},"26":{"start":{"line":64,"column":18},"end":{"line":64,"column":55}},"27":{"start":{"line":66,"column":4},"end":{"line":66,"column":49}},"28":{"start":{"line":67,"column":4},"end":{"line":67,"column":42}},"29":{"start":{"line":72,"column":8},"end":{"line":72,"column":82}},"30":{"start":{"line":73,"column":8},"end":{"line":77,"column":null}},"31":{"start":{"line":74,"column":10},"end":{"line":76,"column":null}},"32":{"start":{"line":75,"column":12},"end":{"line":75,"column":94}},"33":{"start":{"line":80,"column":8},"end":{"line":80,"column":81}},"34":{"start":{"line":81,"column":8},"end":{"line":85,"column":null}},"35":{"start":{"line":82,"column":10},"end":{"line":84,"column":null}},"36":{"start":{"line":83,"column":12},"end":{"line":83,"column":93}},"37":{"start":{"line":88,"column":8},"end":{"line":88,"column":86}},"38":{"start":{"line":89,"column":8},"end":{"line":93,"column":null}},"39":{"start":{"line":90,"column":10},"end":{"line":92,"column":null}},"40":{"start":{"line":91,"column":12},"end":{"line":91,"column":106}},"41":{"start":{"line":95,"column":4},"end":{"line":95,"column":19}},"42":{"start":{"line":104,"column":30},"end":{"line":104,"column":52}},"43":{"start":{"line":105,"column":4},"end":{"line":105,"column":36}},"44":{"start":{"line":115,"column":30},"end":{"line":115,"column":52}},"45":{"start":{"line":116,"column":4},"end":{"line":119,"column":7}},"46":{"start":{"line":10,"column":0},"end":{"line":10,"column":13}}},"fnMap":{"0":{"name":"(anonymous_7)","decl":{"start":{"line":18,"column":2},"end":{"line":18,"column":8}},"loc":{"start":{"line":18,"column":38},"end":{"line":47,"column":null}}},"1":{"name":"(anonymous_9)","decl":{"start":{"line":56,"column":2},"end":{"line":56,"column":8}},"loc":{"start":{"line":56,"column":56},"end":{"line":96,"column":null}}},"2":{"name":"(anonymous_11)","decl":{"start":{"line":103,"column":2},"end":{"line":103,"column":8}},"loc":{"start":{"line":103,"column":22},"end":{"line":106,"column":null}}},"3":{"name":"(anonymous_13)","decl":{"start":{"line":114,"column":2},"end":{"line":114,"column":8}},"loc":{"start":{"line":114,"column":41},"end":{"line":120,"column":null}}}},"branchMap":{"0":{"loc":{"start":{"line":23,"column":4},"end":{"line":28,"column":null}},"type":"if","locations":[{"start":{"line":23,"column":4},"end":{"line":28,"column":null}}]},"1":{"loc":{"start":{"line":31,"column":4},"end":{"line":36,"column":null}},"type":"if","locations":[{"start":{"line":31,"column":4},"end":{"line":36,"column":null}}]},"2":{"loc":{"start":{"line":39,"column":4},"end":{"line":44,"column":null}},"type":"if","locations":[{"start":{"line":39,"column":4},"end":{"line":44,"column":null}}]},"3":{"loc":{"start":{"line":64,"column":4},"end":{"line":64,"column":55}},"type":"if","locations":[{"start":{"line":64,"column":4},"end":{"line":64,"column":55}}]},"4":{"loc":{"start":{"line":73,"column":8},"end":{"line":77,"column":null}},"type":"if","locations":[{"start":{"line":73,"column":8},"end":{"line":77,"column":null}}]},"5":{"loc":{"start":{"line":81,"column":8},"end":{"line":85,"column":null}},"type":"if","locations":[{"start":{"line":81,"column":8},"end":{"line":85,"column":null}}]},"6":{"loc":{"start":{"line":89,"column":8},"end":{"line":93,"column":null}},"type":"if","locations":[{"start":{"line":89,"column":8},"end":{"line":93,"column":null}}]}},"s":{"0":1,"1":1,"2":1,"3":1,"4":1,"5":1,"6":1,"7":1,"8":1,"9":1,"10":1,"11":1,"12":1,"13":1,"14":1,"15":1,"16":1,"17":1,"18":1,"19":1,"20":1,"21":1,"22":1,"23":1,"24":1,"25":1,"26":0,"27":1,"28":1,"29":1,"30":1,"31":1,"32":1,"33":1,"34":1,"35":1,"36":1,"37":1,"38":1,"39":1,"40":1,"41":1,"42":1,"43":1,"44":1,"45":1,"46":1},"f":{"0":1,"1":1,"2":1,"3":1},"b":{"0":[1],"1":[1],"2":[1],"3":[0],"4":[1],"5":[1],"6":[1]}}
,"/Users/saivenkatesh/Desktop/personal/edu/Fall23/520/Project/Patient-Tracker/back-end/src/routes/patientRoutes.ts": {"path":"/Users/saivenkatesh/Desktop/personal/edu/Fall23/520/Project/Patient-Tracker/back-end/src/routes/patientRoutes.ts","statementMap":{"0":{"start":{"line":1,"column":0},"end":{"line":1,"column":30}},"1":{"start":{"line":2,"column":0},"end":{"line":2,"column":69}},"2":{"start":{"line":4,"column":15},"end":{"line":4,"column":31}},"3":{"start":{"line":12,"column":0},"end":{"line":12,"column":58}},"4":{"start":{"line":20,"column":0},"end":{"line":20,"column":58}},"5":{"start":{"line":28,"column":0},"end":{"line":28,"column":61}},"6":{"start":{"line":36,"column":0},"end":{"line":36,"column":58}},"7":{"start":{"line":38,"column":0},"end":{"line":38,"column":22}}},"fnMap":{},"branchMap":{},"s":{"0":1,"1":1,"2":1,"3":1,"4":1,"5":1,"6":1,"7":1},"f":{},"b":{}}
}
